\BOOKMARK [1][-]{section.1}{\376\377\000C\000o\000m\000p\000l\000e\000x\000\040\000N\000u\000m\000b\000e\000r\000s}{}% 1
\BOOKMARK [2][-]{subsection.1.1}{\376\377\000D\000e\000f\000i\000n\000i\000t\000i\000o\000n\000s\000\040\000a\000n\000d\000\040\000A\000r\000i\000t\000h\000m\000e\000t\000i\000c}{section.1}% 2
\BOOKMARK [2][-]{subsection.1.2}{\376\377\000S\000o\000l\000v\000i\000n\000g\000\040\000Q\000u\000a\000d\000r\000a\000t\000i\000c\000\040\000E\000q\000u\000a\000t\000i\000o\000n\000s}{section.1}% 3
\BOOKMARK [2][-]{subsection.1.3}{\376\377\000T\000h\000e\000\040\000A\000r\000g\000a\000n\000d\000\040\000D\000i\000a\000g\000r\000a\000m}{section.1}% 4
\BOOKMARK [2][-]{subsection.1.4}{\376\377\000P\000o\000l\000a\000r\000\040\000F\000o\000r\000m}{section.1}% 5
\BOOKMARK [2][-]{subsection.1.5}{\376\377\000E\000x\000p\000o\000n\000e\000n\000t\000i\000a\000l\000\040\000F\000o\000r\000m}{section.1}% 6
\BOOKMARK [2][-]{subsection.1.6}{\376\377\000D\000e\000\040\000M\000o\000i\000v\000r\000e\000'\000s\000\040\000T\000h\000e\000o\000r\000e\000m}{section.1}% 7
\BOOKMARK [2][-]{subsection.1.7}{\376\377\000C\000o\000m\000p\000l\000e\000x\000\040\000A\000r\000g\000u\000m\000e\000n\000t\000s\000\040\000i\000n\000\040\000T\000r\000i\000g\000o\000n\000o\000m\000e\000t\000r\000i\000c\000/\000H\000y\000p\000e\000r\000b\000o\000l\000i\000c\000\040\000F\000u\000n\000c\000t\000i\000o\000n\000s}{section.1}% 8
\BOOKMARK [2][-]{subsection.1.8}{\376\377\000C\000o\000m\000p\000l\000e\000x\000\040\000M\000a\000p\000p\000i\000n\000g\000s}{section.1}% 9
\BOOKMARK [2][-]{subsection.1.9}{\376\377\000I\000t\000e\000r\000a\000t\000i\000n\000g\000\040\000c\000o\000m\000p\000l\000e\000x\000\040\000m\000a\000p\000s}{section.1}% 10
\BOOKMARK [1][-]{section.2}{\376\377\000A\000n\000\040\000a\000s\000i\000d\000e\000:\000\040\000Q\000u\000a\000t\000e\000r\000n\000i\000o\000n\000s}{}% 11
\BOOKMARK [2][-]{subsection.2.1}{\376\377\000D\000e\000f\000i\000n\000i\000t\000i\000o\000n\000s\000\040\000a\000n\000d\000\040\000A\000r\000i\000t\000h\000m\000e\000t\000i\000c}{section.2}% 12
\BOOKMARK [2][-]{subsection.2.2}{\376\377\000C\000o\000n\000j\000u\000g\000a\000t\000e\000,\000\040\000N\000o\000r\000m\000\040\000a\000n\000d\000\040\000I\000n\000v\000e\000r\000s\000e}{section.2}% 13
\BOOKMARK [2][-]{subsection.2.3}{\376\377\000U\000n\000i\000t\000\040\000Q\000u\000a\000t\000e\000r\000n\000i\000o\000n\000s\000\040\000a\000n\000d\000\040\0003\000D\000\040\000R\000o\000t\000a\000t\000i\000o\000n\000s}{section.2}% 14
\BOOKMARK [1][-]{section.3}{\376\377\000V\000e\000c\000t\000o\000r\000s\000,\000\040\000S\000p\000a\000n\000s\000\040\000a\000n\000d\000\040\000B\000a\000s\000e\000s\000\040\000i\000n\000\040\000R\0002\000,\000\040\000R\0003\000\040\000a\000n\000d\000\040\000R\000n\000.}{}% 15
\BOOKMARK [2][-]{subsection.3.1}{\376\377\000V\000e\000c\000t\000o\000r\000s\000\040\000i\000n\000\040\000R\0002}{section.3}% 16
\BOOKMARK [2][-]{subsection.3.2}{\376\377\000V\000e\000c\000t\000o\000r\000s\000\040\000i\000n\000\040\000R\0003}{section.3}% 17
\BOOKMARK [2][-]{subsection.3.3}{\376\377\000V\000e\000c\000t\000o\000r\000s\000\040\000i\000n\000\040\000R\000n}{section.3}% 18
\BOOKMARK [2][-]{subsection.3.4}{\376\377\000S\000y\000s\000t\000e\000m\000s\000\040\000o\000f\000\040\000l\000i\000n\000e\000a\000r\000\040\000e\000q\000u\000a\000t\000i\000o\000n\000s\000\040\000i\000n\000\040\000v\000e\000c\000t\000o\000r\000\040\000f\000o\000r\000m\000.}{section.3}% 19
\BOOKMARK [2][-]{subsection.3.5}{\376\377\000S\000p\000a\000n\000s\000\040\000o\000f\000\040\000v\000e\000c\000t\000o\000r\000s\000\040\000a\000n\000d\000\040\000s\000p\000a\000n\000n\000i\000n\000g\000\040\000f\000a\000m\000i\000l\000i\000e\000s\000\040\000i\000n\000\040\000R\000n}{section.3}% 20
\BOOKMARK [2][-]{subsection.3.6}{\376\377\000S\000p\000a\000n\000n\000i\000n\000g\000\040\000f\000a\000m\000i\000l\000i\000e\000s\000.}{section.3}% 21
\BOOKMARK [2][-]{subsection.3.7}{\376\377\000L\000i\000n\000e\000a\000r\000l\000y\000\040\000i\000n\000d\000e\000p\000e\000n\000d\000e\000n\000t\000\040\000f\000a\000m\000i\000l\000i\000e\000s\000\040\000i\000n\000\040\000R\000n}{section.3}% 22
\BOOKMARK [2][-]{subsection.3.8}{\376\377\000B\000a\000s\000e\000s\000\040\000o\000f\000\040\000R\000n\000.}{section.3}% 23
\BOOKMARK [2][-]{subsection.3.9}{\376\377\000C\000h\000a\000r\000a\000c\000t\000e\000r\000i\000s\000a\000t\000i\000o\000n\000\040\000o\000f\000\040\000b\000a\000s\000e\000s\000\040\000o\000f\000\040\000R\000n}{section.3}% 24
\BOOKMARK [1][-]{section.4}{\376\377\000V\000e\000c\000t\000o\000r\000\040\000S\000p\000a\000c\000e\000s\000\040\000i\000n\000\040\000G\000e\000n\000e\000r\000a\000l}{}% 25
\BOOKMARK [2][-]{subsection.4.1}{\376\377\000E\000x\000a\000m\000p\000l\000e\000s\000\040\000a\000n\000d\000\040\000d\000e\000f\000i\000n\000i\000t\000i\000o\000n}{section.4}% 26
\BOOKMARK [2][-]{subsection.4.2}{\376\377\000L\000i\000n\000e\000a\000r\000\040\000c\000o\000m\000b\000i\000n\000a\000t\000i\000o\000n\000s\000\040\000i\000n\000\040\000a\000b\000s\000t\000r\000a\000c\000t\000\040\000v\000e\000c\000t\000o\000r\000\040\000s\000p\000a\000c\000e\000s}{section.4}% 27
\BOOKMARK [2][-]{subsection.4.3}{\376\377\000B\000a\000s\000i\000s\000\040\000a\000n\000d\000\040\000d\000i\000m\000e\000n\000s\000i\000o\000n}{section.4}% 28
\BOOKMARK [2][-]{subsection.4.4}{\376\377\000D\000i\000m\000e\000n\000s\000i\000o\000n\000\040\000o\000f\000\040\000a\000\040\000v\000e\000c\000t\000o\000r\000\040\000s\000p\000a\000c\000e\000.}{section.4}% 29
\BOOKMARK [2][-]{subsection.4.5}{\376\377\000V\000e\000c\000t\000o\000r\000\040\000s\000u\000b\000s\000p\000a\000c\000e\000s}{section.4}% 30
\BOOKMARK [1][-]{section.5}{\376\377\000T\000h\000e\000\040\000s\000o\000l\000u\000t\000i\000o\000n\000\040\000s\000p\000a\000c\000e\000\040\000o\000f\000\040\000a\000\040\000h\000o\000m\000o\000g\000e\000n\000e\000o\000u\000s\000\040\000s\000y\000s\000t\000e\000m\000\040\000o\000f\000\040\000l\000i\000n\000e\000a\000r\000\040\000e\000q\000u\000a\000t\000i\000o\000n\000s\000.}{}% 31
\BOOKMARK [1][-]{section.6}{\376\377\000M\000a\000t\000r\000i\000c\000e\000s}{}% 32
\BOOKMARK [2][-]{subsection.6.1}{\376\377\000I\000m\000a\000g\000e\000\040\000a\000n\000d\000\040\000r\000a\000n\000k\000\040\000o\000f\000\040\000a\000\040\000m\000a\000t\000r\000i\000x\000.}{section.6}% 33
\BOOKMARK [2][-]{subsection.6.2}{\376\377\000R\000a\000n\000k\000\040\000o\000f\000\040\000a\000\040\000m\000a\000t\000r\000i\000x\000.}{section.6}% 34
\BOOKMARK [2][-]{subsection.6.3}{\376\377\000R\000a\000n\000k\000\040\000a\000n\000d\000\040\000s\000y\000s\000t\000e\000m\000s\000\040\000o\000f\000\040\000l\000i\000n\000e\000a\000r\000\040\000e\000q\000u\000a\000t\000i\000o\000n\000s\000.}{section.6}% 35
\BOOKMARK [2][-]{subsection.6.4}{\376\377\000T\000h\000e\000\040\000R\000a\000n\000k\000-\000N\000u\000l\000l\000i\000t\000y\000\040\000T\000h\000e\000o\000r\000e\000m\000\040\000f\000o\000r\000\040\000m\000a\000t\000r\000i\000c\000e\000s\000.}{section.6}% 36
\BOOKMARK [1][-]{section.7}{\376\377\000E\000i\000g\000e\000n\000v\000a\000l\000u\000e\000s\000\040\000a\000n\000d\000\040\000d\000i\000a\000g\000o\000n\000a\000l\000i\000s\000a\000b\000i\000l\000i\000t\000y}{}% 37
\BOOKMARK [2][-]{subsection.7.1}{\376\377\000A\000\040\000m\000o\000t\000i\000v\000a\000t\000i\000n\000g\000\040\000p\000r\000o\000b\000l\000e\000m\000:\000\040\000p\000r\000e\000d\000i\000c\000t\000i\000n\000g\000\040\000t\000h\000e\000\040\000d\000y\000n\000a\000m\000i\000c\000s\000\040\000o\000f\000\040\000a\000\040\000p\000o\000p\000u\000l\000a\000t\000i\000o\000n}{section.7}% 38
\BOOKMARK [2][-]{subsection.7.2}{\376\377\000E\000i\000g\000e\000n\000v\000e\000c\000t\000o\000r\000s\000\040\000a\000n\000d\000\040\000E\000i\000g\000e\000n\000v\000a\000l\000u\000e\000s}{section.7}% 39
\BOOKMARK [2][-]{subsection.7.3}{\376\377\000D\000i\000a\000g\000o\000n\000a\000l\000i\000s\000a\000b\000i\000l\000i\000t\000y\000.}{section.7}% 40
\BOOKMARK [2][-]{subsection.7.4}{\376\377\000E\000i\000g\000e\000n\000s\000p\000a\000c\000e\000s\000\040\000a\000n\000d\000\040\000d\000i\000a\000g\000o\000n\000a\000l\000i\000s\000a\000b\000i\000l\000i\000t\000y\000.}{section.7}% 41
\BOOKMARK [2][-]{subsection.7.5}{\376\377\000C\000h\000a\000r\000a\000c\000t\000e\000r\000i\000s\000t\000i\000c\000\040\000p\000o\000l\000y\000n\000o\000m\000i\000a\000l}{section.7}% 42
\BOOKMARK [2][-]{subsection.7.6}{\376\377\000T\000r\000a\000c\000e\000,\000\040\000d\000e\000t\000e\000r\000m\000i\000n\000a\000n\000t\000s\000,\000\040\000a\000n\000d\000\040\000c\000o\000n\000s\000i\000s\000t\000e\000n\000c\000y\000\040\000c\000h\000e\000c\000k\000.}{section.7}% 43
\BOOKMARK [2][-]{subsection.7.7}{\376\377\000D\000i\000a\000g\000o\000n\000a\000l\000i\000s\000a\000b\000i\000l\000i\000t\000y\000\040\000o\000f\000\040\000a\000\040\000m\000a\000t\000r\000i\000x}{section.7}% 44
\BOOKMARK [2][-]{subsection.7.8}{\376\377\000A\000p\000p\000l\000i\000c\000a\000t\000i\000o\000n\000:\000\040\000D\000y\000n\000a\000m\000i\000c\000a\000l\000\040\000s\000y\000s\000t\000e\000m\000s}{section.7}% 45
\BOOKMARK [2][-]{subsection.7.9}{\376\377\000A\000p\000p\000l\000i\000c\000a\000t\000i\000o\000n\000:\000\040\000D\000y\000n\000a\000m\000i\000c\000s\000\040\000o\000f\000\040\000p\000o\000p\000u\000l\000a\000t\000i\000o\000n\000s\000.}{section.7}% 46
\BOOKMARK [2][-]{subsection.7.10}{\376\377\000P\000o\000w\000e\000r\000s\000\040\000o\000f\000\040\000a\000\040\000m\000a\000t\000r\000i\000x\000.}{section.7}% 47
\BOOKMARK [1][-]{section.8}{\376\377\000S\000t\000o\000c\000h\000a\000s\000t\000i\000c\000\040\000M\000a\000t\000r\000i\000c\000e\000s}{}% 48
\BOOKMARK [2][-]{subsection.8.1}{\376\377\000A\000\040\000m\000o\000t\000i\000v\000a\000t\000i\000n\000g\000\040\000p\000r\000o\000b\000l\000e\000m\000:\000\040\000O\000p\000t\000i\000m\000i\000s\000i\000n\000g\000\040\000a\000\040\000d\000i\000s\000t\000r\000i\000b\000u\000t\000i\000o\000n\000\040\000o\000f\000\040\000b\000i\000k\000e\000s}{section.8}% 49
\BOOKMARK [2][-]{subsection.8.2}{\376\377\000M\000a\000r\000k\000o\000v\000\040\000d\000i\000a\000g\000r\000a\000m\000s\000\040\000a\000n\000d\000\040\000t\000r\000a\000n\000s\000i\000t\000i\000o\000n\000\040\000m\000a\000t\000r\000i\000c\000e\000s}{section.8}% 50
\BOOKMARK [2][-]{subsection.8.3}{\376\377\000T\000h\000e\000\040\000P\000e\000r\000r\000o\000n\000-\000F\000r\000o\000b\000e\000n\000i\000u\000s\000\040\000T\000h\000e\000o\000r\000e\000m\000\040\000f\000o\000r\000\040\000s\000t\000o\000c\000h\000a\000s\000t\000i\000c\000\040\000m\000a\000t\000r\000i\000c\000e\000s}{section.8}% 51
\BOOKMARK [2][-]{subsection.8.4}{\376\377\000A\000p\000p\000l\000i\000c\000a\000t\000i\000o\000n\000:\000\040\000s\000t\000a\000t\000i\000o\000n\000a\000r\000y\000\040\000d\000i\000s\000t\000r\000i\000b\000u\000t\000i\000o\000n\000s\000\040\000i\000n\000\040\000d\000y\000n\000a\000m\000i\000c\000a\000l\000\040\000s\000y\000s\000t\000e\000m\000s\000.}{section.8}% 52
\BOOKMARK [2][-]{subsection.8.5}{\376\377\000A\000p\000p\000l\000i\000c\000a\000t\000i\000o\000n\000:\000\040\000T\000h\000e\000\040\000P\000a\000g\000e\000R\000a\000n\000k\000\040\000a\000l\000g\000o\000r\000i\000t\000h\000m}{section.8}% 53
